{"/home/luizlacerdam/projetos/test-fullstack/front-end/src/App.jsx": {"path":"/home/luizlacerdam/projetos/test-fullstack/front-end/src/App.jsx","all":true,"statementMap":{"0":{"start":{"line":1,"column":0},"end":{"line":1,"column":26}},"1":{"start":{"line":2,"column":0},"end":{"line":2,"column":19}},"2":{"start":{"line":3,"column":0},"end":{"line":3,"column":15}},"3":{"start":{"line":4,"column":0},"end":{"line":4,"column":17}},"4":{"start":{"line":5,"column":0},"end":{"line":5,"column":22}},"5":{"start":{"line":6,"column":0},"end":{"line":6,"column":53}},"6":{"start":{"line":7,"column":0},"end":{"line":7,"column":46}},"7":{"start":{"line":8,"column":0},"end":{"line":8,"column":50}},"8":{"start":{"line":9,"column":0},"end":{"line":9,"column":0}},"9":{"start":{"line":10,"column":0},"end":{"line":10,"column":32}},"10":{"start":{"line":11,"column":0},"end":{"line":11,"column":53}},"11":{"start":{"line":12,"column":0},"end":{"line":12,"column":63}},"12":{"start":{"line":13,"column":0},"end":{"line":13,"column":50}},"13":{"start":{"line":14,"column":0},"end":{"line":14,"column":44}},"14":{"start":{"line":15,"column":0},"end":{"line":15,"column":67}},"15":{"start":{"line":16,"column":0},"end":{"line":16,"column":0}},"16":{"start":{"line":17,"column":0},"end":{"line":17,"column":31}},"17":{"start":{"line":18,"column":0},"end":{"line":18,"column":61}},"18":{"start":{"line":19,"column":0},"end":{"line":19,"column":6}},"19":{"start":{"line":20,"column":0},"end":{"line":20,"column":0}},"20":{"start":{"line":21,"column":0},"end":{"line":21,"column":36}},"21":{"start":{"line":22,"column":0},"end":{"line":22,"column":14}},"22":{"start":{"line":23,"column":0},"end":{"line":23,"column":31}},"23":{"start":{"line":24,"column":0},"end":{"line":24,"column":39}},"24":{"start":{"line":25,"column":0},"end":{"line":25,"column":10}},"25":{"start":{"line":26,"column":0},"end":{"line":26,"column":14}},"26":{"start":{"line":27,"column":0},"end":{"line":27,"column":28}},"27":{"start":{"line":28,"column":0},"end":{"line":28,"column":33}},"28":{"start":{"line":29,"column":0},"end":{"line":29,"column":36}},"29":{"start":{"line":30,"column":0},"end":{"line":30,"column":10}},"30":{"start":{"line":31,"column":0},"end":{"line":31,"column":14}},"31":{"start":{"line":32,"column":0},"end":{"line":32,"column":34}},"32":{"start":{"line":33,"column":0},"end":{"line":33,"column":18}},"33":{"start":{"line":34,"column":0},"end":{"line":34,"column":30}},"34":{"start":{"line":35,"column":0},"end":{"line":35,"column":10}},"35":{"start":{"line":36,"column":0},"end":{"line":36,"column":14}},"36":{"start":{"line":37,"column":0},"end":{"line":37,"column":7}},"37":{"start":{"line":38,"column":0},"end":{"line":38,"column":8}},"38":{"start":{"line":39,"column":0},"end":{"line":39,"column":5}},"39":{"start":{"line":40,"column":0},"end":{"line":40,"column":10}},"40":{"start":{"line":41,"column":0},"end":{"line":41,"column":39}},"41":{"start":{"line":42,"column":0},"end":{"line":42,"column":4}},"42":{"start":{"line":43,"column":0},"end":{"line":43,"column":1}}},"s":{"0":0,"1":0,"2":0,"3":0,"4":0,"5":0,"6":0,"7":0,"8":0,"9":0,"10":0,"11":0,"12":0,"13":0,"14":0,"15":0,"16":0,"17":0,"18":0,"19":0,"20":0,"21":0,"22":0,"23":0,"24":0,"25":0,"26":0,"27":0,"28":0,"29":0,"30":0,"31":0,"32":0,"33":0,"34":0,"35":0,"36":0,"37":0,"38":0,"39":0,"40":0,"41":0,"42":0},"branchMap":{"0":{"type":"branch","line":1,"loc":{"start":{"line":1,"column":0},"end":{"line":43,"column":1}},"locations":[{"start":{"line":1,"column":0},"end":{"line":43,"column":1}}]}},"b":{"0":[0]},"fnMap":{"0":{"name":"(empty-report)","decl":{"start":{"line":1,"column":0},"end":{"line":43,"column":1}},"loc":{"start":{"line":1,"column":0},"end":{"line":43,"column":1}},"line":1}},"f":{"0":0}}
,"/home/luizlacerdam/projetos/test-fullstack/front-end/src/main.jsx": {"path":"/home/luizlacerdam/projetos/test-fullstack/front-end/src/main.jsx","all":true,"statementMap":{"0":{"start":{"line":1,"column":0},"end":{"line":1,"column":38}},"1":{"start":{"line":2,"column":0},"end":{"line":2,"column":26}},"2":{"start":{"line":3,"column":0},"end":{"line":3,"column":40}},"3":{"start":{"line":4,"column":0},"end":{"line":4,"column":28}},"4":{"start":{"line":5,"column":0},"end":{"line":5,"column":21}},"5":{"start":{"line":6,"column":0},"end":{"line":6,"column":0}},"6":{"start":{"line":7,"column":0},"end":{"line":7,"column":60}},"7":{"start":{"line":8,"column":0},"end":{"line":8,"column":10}},"8":{"start":{"line":9,"column":0},"end":{"line":9,"column":2}}},"s":{"0":0,"1":0,"2":0,"3":0,"4":0,"5":0,"6":0,"7":0,"8":0},"branchMap":{"0":{"type":"branch","line":1,"loc":{"start":{"line":1,"column":0},"end":{"line":9,"column":2}},"locations":[{"start":{"line":1,"column":0},"end":{"line":9,"column":2}}]}},"b":{"0":[0]},"fnMap":{"0":{"name":"(empty-report)","decl":{"start":{"line":1,"column":0},"end":{"line":9,"column":2}},"loc":{"start":{"line":1,"column":0},"end":{"line":9,"column":2}},"line":1}},"f":{"0":0}}
,"/home/luizlacerdam/projetos/test-fullstack/front-end/src/pages/CreateCliente/index.jsx": {"path":"/home/luizlacerdam/projetos/test-fullstack/front-end/src/pages/CreateCliente/index.jsx","all":false,"statementMap":{"0":{"start":{"line":1,"column":0},"end":{"line":1,"column":57}},"1":{"start":{"line":2,"column":0},"end":{"line":2,"column":29}},"2":{"start":{"line":3,"column":0},"end":{"line":3,"column":28}},"3":{"start":{"line":4,"column":0},"end":{"line":4,"column":37}},"4":{"start":{"line":5,"column":0},"end":{"line":5,"column":40}},"5":{"start":{"line":6,"column":0},"end":{"line":6,"column":44}},"6":{"start":{"line":7,"column":0},"end":{"line":7,"column":47}},"7":{"start":{"line":8,"column":0},"end":{"line":8,"column":51}},"8":{"start":{"line":9,"column":0},"end":{"line":9,"column":0}},"9":{"start":{"line":10,"column":0},"end":{"line":10,"column":41}},"10":{"start":{"line":11,"column":0},"end":{"line":11,"column":39}},"11":{"start":{"line":12,"column":0},"end":{"line":12,"column":41}},"12":{"start":{"line":13,"column":0},"end":{"line":13,"column":37}},"13":{"start":{"line":14,"column":0},"end":{"line":14,"column":49}},"14":{"start":{"line":15,"column":0},"end":{"line":15,"column":49}},"15":{"start":{"line":16,"column":0},"end":{"line":16,"column":33}},"16":{"start":{"line":17,"column":0},"end":{"line":17,"column":0}},"17":{"start":{"line":18,"column":0},"end":{"line":18,"column":36}},"18":{"start":{"line":19,"column":0},"end":{"line":19,"column":30}},"19":{"start":{"line":20,"column":0},"end":{"line":20,"column":19}},"20":{"start":{"line":21,"column":0},"end":{"line":21,"column":5}},"21":{"start":{"line":22,"column":0},"end":{"line":22,"column":16}},"22":{"start":{"line":23,"column":0},"end":{"line":23,"column":4}},"23":{"start":{"line":24,"column":0},"end":{"line":24,"column":0}},"24":{"start":{"line":25,"column":0},"end":{"line":25,"column":42}},"25":{"start":{"line":26,"column":0},"end":{"line":26,"column":30}},"26":{"start":{"line":27,"column":0},"end":{"line":27,"column":19}},"27":{"start":{"line":28,"column":0},"end":{"line":28,"column":5}},"28":{"start":{"line":29,"column":0},"end":{"line":29,"column":16}},"29":{"start":{"line":30,"column":0},"end":{"line":30,"column":4}},"30":{"start":{"line":31,"column":0},"end":{"line":31,"column":0}},"31":{"start":{"line":32,"column":0},"end":{"line":32,"column":32}},"32":{"start":{"line":33,"column":0},"end":{"line":33,"column":48}},"33":{"start":{"line":34,"column":0},"end":{"line":34,"column":26}},"34":{"start":{"line":35,"column":0},"end":{"line":35,"column":0}},"35":{"start":{"line":36,"column":0},"end":{"line":36,"column":33}},"36":{"start":{"line":37,"column":0},"end":{"line":37,"column":32}},"37":{"start":{"line":38,"column":0},"end":{"line":38,"column":40}},"38":{"start":{"line":39,"column":0},"end":{"line":39,"column":72}},"39":{"start":{"line":40,"column":0},"end":{"line":40,"column":40}},"40":{"start":{"line":41,"column":0},"end":{"line":41,"column":98}},"41":{"start":{"line":42,"column":0},"end":{"line":42,"column":12}},"42":{"start":{"line":43,"column":0},"end":{"line":43,"column":128}},"43":{"start":{"line":44,"column":0},"end":{"line":44,"column":5}},"44":{"start":{"line":45,"column":0},"end":{"line":45,"column":0}},"45":{"start":{"line":46,"column":0},"end":{"line":46,"column":24}},"46":{"start":{"line":47,"column":0},"end":{"line":47,"column":4}},"47":{"start":{"line":48,"column":0},"end":{"line":48,"column":0}},"48":{"start":{"line":49,"column":0},"end":{"line":49,"column":38}},"49":{"start":{"line":50,"column":0},"end":{"line":50,"column":50}},"50":{"start":{"line":51,"column":0},"end":{"line":51,"column":28}},"51":{"start":{"line":52,"column":0},"end":{"line":52,"column":0}},"52":{"start":{"line":53,"column":0},"end":{"line":53,"column":35}},"53":{"start":{"line":54,"column":0},"end":{"line":54,"column":42}},"54":{"start":{"line":55,"column":0},"end":{"line":55,"column":42}},"55":{"start":{"line":56,"column":0},"end":{"line":56,"column":83}},"56":{"start":{"line":57,"column":0},"end":{"line":57,"column":12}},"57":{"start":{"line":58,"column":0},"end":{"line":58,"column":112}},"58":{"start":{"line":59,"column":0},"end":{"line":59,"column":5}},"59":{"start":{"line":60,"column":0},"end":{"line":60,"column":0}},"60":{"start":{"line":61,"column":0},"end":{"line":61,"column":26}},"61":{"start":{"line":62,"column":0},"end":{"line":62,"column":4}},"62":{"start":{"line":63,"column":0},"end":{"line":63,"column":0}},"63":{"start":{"line":64,"column":0},"end":{"line":64,"column":38}},"64":{"start":{"line":65,"column":0},"end":{"line":65,"column":38}},"65":{"start":{"line":66,"column":0},"end":{"line":66,"column":34}},"66":{"start":{"line":67,"column":0},"end":{"line":67,"column":4}},"67":{"start":{"line":68,"column":0},"end":{"line":68,"column":0}},"68":{"start":{"line":69,"column":0},"end":{"line":69,"column":36}},"69":{"start":{"line":70,"column":0},"end":{"line":70,"column":89}},"70":{"start":{"line":71,"column":0},"end":{"line":71,"column":40}},"71":{"start":{"line":72,"column":0},"end":{"line":72,"column":41}},"72":{"start":{"line":73,"column":0},"end":{"line":73,"column":39}},"73":{"start":{"line":74,"column":0},"end":{"line":74,"column":37}},"74":{"start":{"line":75,"column":0},"end":{"line":75,"column":36}},"75":{"start":{"line":76,"column":0},"end":{"line":76,"column":49}},"76":{"start":{"line":77,"column":0},"end":{"line":77,"column":42}},"77":{"start":{"line":78,"column":0},"end":{"line":78,"column":37}},"78":{"start":{"line":79,"column":0},"end":{"line":79,"column":35}},"79":{"start":{"line":80,"column":0},"end":{"line":80,"column":12}},"80":{"start":{"line":81,"column":0},"end":{"line":81,"column":49}},"81":{"start":{"line":82,"column":0},"end":{"line":82,"column":13}},"82":{"start":{"line":83,"column":0},"end":{"line":83,"column":14}},"83":{"start":{"line":84,"column":0},"end":{"line":84,"column":12}},"84":{"start":{"line":85,"column":0},"end":{"line":85,"column":18}},"85":{"start":{"line":86,"column":0},"end":{"line":86,"column":15}},"86":{"start":{"line":87,"column":0},"end":{"line":87,"column":9}},"87":{"start":{"line":88,"column":0},"end":{"line":88,"column":34}},"88":{"start":{"line":89,"column":0},"end":{"line":89,"column":39}},"89":{"start":{"line":90,"column":0},"end":{"line":90,"column":14}},"90":{"start":{"line":91,"column":0},"end":{"line":91,"column":44}},"91":{"start":{"line":92,"column":0},"end":{"line":92,"column":22}},"92":{"start":{"line":93,"column":0},"end":{"line":93,"column":7}},"93":{"start":{"line":94,"column":0},"end":{"line":94,"column":5}},"94":{"start":{"line":95,"column":0},"end":{"line":95,"column":4}},"95":{"start":{"line":96,"column":0},"end":{"line":96,"column":0}},"96":{"start":{"line":97,"column":0},"end":{"line":97,"column":10}},"97":{"start":{"line":98,"column":0},"end":{"line":98,"column":31}},"98":{"start":{"line":99,"column":0},"end":{"line":99,"column":66}},"99":{"start":{"line":100,"column":0},"end":{"line":100,"column":30}},"100":{"start":{"line":101,"column":0},"end":{"line":101,"column":13}},"101":{"start":{"line":102,"column":0},"end":{"line":102,"column":38}},"102":{"start":{"line":103,"column":0},"end":{"line":103,"column":11}},"103":{"start":{"line":104,"column":0},"end":{"line":104,"column":24}},"104":{"start":{"line":105,"column":0},"end":{"line":105,"column":15}},"105":{"start":{"line":106,"column":0},"end":{"line":106,"column":48}},"106":{"start":{"line":107,"column":0},"end":{"line":107,"column":63}},"107":{"start":{"line":108,"column":0},"end":{"line":108,"column":17}},"108":{"start":{"line":109,"column":0},"end":{"line":109,"column":14}},"109":{"start":{"line":110,"column":0},"end":{"line":110,"column":49}},"110":{"start":{"line":111,"column":0},"end":{"line":111,"column":16}},"111":{"start":{"line":112,"column":0},"end":{"line":112,"column":65}},"112":{"start":{"line":113,"column":0},"end":{"line":113,"column":30}},"113":{"start":{"line":114,"column":0},"end":{"line":114,"column":23}},"114":{"start":{"line":115,"column":0},"end":{"line":115,"column":26}},"115":{"start":{"line":116,"column":0},"end":{"line":116,"column":55}},"116":{"start":{"line":117,"column":0},"end":{"line":117,"column":12}},"117":{"start":{"line":118,"column":0},"end":{"line":118,"column":16}},"118":{"start":{"line":119,"column":0},"end":{"line":119,"column":65}},"119":{"start":{"line":120,"column":0},"end":{"line":120,"column":32}},"120":{"start":{"line":121,"column":0},"end":{"line":121,"column":24}},"121":{"start":{"line":122,"column":0},"end":{"line":122,"column":27}},"122":{"start":{"line":123,"column":0},"end":{"line":123,"column":56}},"123":{"start":{"line":124,"column":0},"end":{"line":124,"column":12}},"124":{"start":{"line":125,"column":0},"end":{"line":125,"column":16}},"125":{"start":{"line":126,"column":0},"end":{"line":126,"column":65}},"126":{"start":{"line":127,"column":0},"end":{"line":127,"column":29}},"127":{"start":{"line":128,"column":0},"end":{"line":128,"column":23}},"128":{"start":{"line":129,"column":0},"end":{"line":129,"column":25}},"129":{"start":{"line":130,"column":0},"end":{"line":130,"column":65}},"130":{"start":{"line":131,"column":0},"end":{"line":131,"column":12}},"131":{"start":{"line":132,"column":0},"end":{"line":132,"column":16}},"132":{"start":{"line":133,"column":0},"end":{"line":133,"column":65}},"133":{"start":{"line":134,"column":0},"end":{"line":134,"column":34}},"134":{"start":{"line":135,"column":0},"end":{"line":135,"column":23}},"135":{"start":{"line":136,"column":0},"end":{"line":136,"column":31}},"136":{"start":{"line":137,"column":0},"end":{"line":137,"column":77}},"137":{"start":{"line":138,"column":0},"end":{"line":138,"column":12}},"138":{"start":{"line":139,"column":0},"end":{"line":139,"column":17}},"139":{"start":{"line":140,"column":0},"end":{"line":140,"column":64}},"140":{"start":{"line":141,"column":0},"end":{"line":141,"column":28}},"141":{"start":{"line":142,"column":0},"end":{"line":142,"column":57}},"142":{"start":{"line":143,"column":0},"end":{"line":143,"column":11}},"143":{"start":{"line":144,"column":0},"end":{"line":144,"column":54}},"144":{"start":{"line":145,"column":0},"end":{"line":145,"column":49}},"145":{"start":{"line":146,"column":0},"end":{"line":146,"column":75}},"146":{"start":{"line":147,"column":0},"end":{"line":147,"column":53}},"147":{"start":{"line":148,"column":0},"end":{"line":148,"column":60}},"148":{"start":{"line":149,"column":0},"end":{"line":149,"column":19}},"149":{"start":{"line":150,"column":0},"end":{"line":150,"column":14}},"150":{"start":{"line":151,"column":0},"end":{"line":151,"column":42}},"151":{"start":{"line":152,"column":0},"end":{"line":152,"column":17}},"152":{"start":{"line":153,"column":0},"end":{"line":153,"column":51}},"153":{"start":{"line":154,"column":0},"end":{"line":154,"column":36}},"154":{"start":{"line":155,"column":0},"end":{"line":155,"column":11}},"155":{"start":{"line":156,"column":0},"end":{"line":156,"column":17}},"156":{"start":{"line":157,"column":0},"end":{"line":157,"column":30}},"157":{"start":{"line":158,"column":0},"end":{"line":158,"column":13}},"158":{"start":{"line":159,"column":0},"end":{"line":159,"column":19}},"159":{"start":{"line":160,"column":0},"end":{"line":160,"column":19}},"160":{"start":{"line":161,"column":0},"end":{"line":161,"column":19}},"161":{"start":{"line":162,"column":0},"end":{"line":162,"column":17}},"162":{"start":{"line":163,"column":0},"end":{"line":163,"column":46}},"163":{"start":{"line":164,"column":0},"end":{"line":164,"column":43}},"164":{"start":{"line":165,"column":0},"end":{"line":165,"column":11}},"165":{"start":{"line":166,"column":0},"end":{"line":166,"column":17}},"166":{"start":{"line":167,"column":0},"end":{"line":167,"column":30}},"167":{"start":{"line":168,"column":0},"end":{"line":168,"column":13}},"168":{"start":{"line":169,"column":0},"end":{"line":169,"column":20}},"169":{"start":{"line":170,"column":0},"end":{"line":170,"column":19}},"170":{"start":{"line":171,"column":0},"end":{"line":171,"column":19}},"171":{"start":{"line":172,"column":0},"end":{"line":172,"column":14}},"172":{"start":{"line":173,"column":0},"end":{"line":173,"column":12}},"173":{"start":{"line":174,"column":0},"end":{"line":174,"column":10}},"174":{"start":{"line":175,"column":0},"end":{"line":175,"column":4}},"175":{"start":{"line":176,"column":0},"end":{"line":176,"column":1}}},"s":{"0":1,"1":1,"2":1,"3":1,"4":1,"5":1,"6":1,"7":1,"8":1,"9":39,"10":39,"11":39,"12":39,"13":39,"14":39,"15":39,"16":39,"17":39,"18":4,"19":1,"20":1,"21":3,"22":4,"23":39,"24":39,"25":3,"26":1,"27":1,"28":2,"29":3,"30":39,"31":39,"32":5,"33":5,"34":5,"35":5,"36":0,"37":5,"38":0,"39":5,"40":0,"41":5,"42":5,"43":5,"44":5,"45":5,"46":5,"47":39,"48":39,"49":5,"50":5,"51":5,"52":5,"53":0,"54":5,"55":0,"56":5,"57":5,"58":5,"59":5,"60":5,"61":5,"62":39,"63":39,"64":5,"65":5,"66":5,"67":39,"68":39,"69":6,"70":1,"71":6,"72":1,"73":5,"74":1,"75":4,"76":1,"77":3,"78":1,"79":1,"80":1,"81":1,"82":1,"83":1,"84":1,"85":1,"86":1,"87":1,"88":0,"89":1,"90":1,"91":1,"92":1,"93":1,"94":6,"95":39,"96":39,"97":39,"98":39,"99":39,"100":39,"101":39,"102":39,"103":39,"104":39,"105":39,"106":39,"107":39,"108":39,"109":39,"110":39,"111":39,"112":39,"113":39,"114":39,"115":39,"116":39,"117":39,"118":39,"119":39,"120":39,"121":39,"122":39,"123":39,"124":39,"125":39,"126":39,"127":39,"128":39,"129":39,"130":39,"131":39,"132":39,"133":39,"134":39,"135":39,"136":39,"137":39,"138":39,"139":39,"140":39,"141":39,"142":39,"143":39,"144":39,"145":39,"146":39,"147":39,"148":39,"149":39,"150":39,"151":39,"152":39,"153":39,"154":39,"155":39,"156":39,"157":39,"158":39,"159":39,"160":39,"161":39,"162":39,"163":39,"164":39,"165":39,"166":39,"167":39,"168":39,"169":39,"170":39,"171":39,"172":39,"173":39,"174":39,"175":39},"branchMap":{"0":{"type":"branch","line":10,"loc":{"start":{"line":10,"column":0},"end":{"line":176,"column":1}},"locations":[{"start":{"line":10,"column":0},"end":{"line":176,"column":1}}]},"1":{"type":"branch","line":18,"loc":{"start":{"line":18,"column":24},"end":{"line":23,"column":4}},"locations":[{"start":{"line":18,"column":24},"end":{"line":23,"column":4}}]},"2":{"type":"branch","line":19,"loc":{"start":{"line":19,"column":29},"end":{"line":21,"column":5}},"locations":[{"start":{"line":19,"column":29},"end":{"line":21,"column":5}}]},"3":{"type":"branch","line":21,"loc":{"start":{"line":21,"column":4},"end":{"line":22,"column":16}},"locations":[{"start":{"line":21,"column":4},"end":{"line":22,"column":16}}]},"4":{"type":"branch","line":25,"loc":{"start":{"line":25,"column":30},"end":{"line":30,"column":4}},"locations":[{"start":{"line":25,"column":30},"end":{"line":30,"column":4}}]},"5":{"type":"branch","line":26,"loc":{"start":{"line":26,"column":29},"end":{"line":28,"column":5}},"locations":[{"start":{"line":26,"column":29},"end":{"line":28,"column":5}}]},"6":{"type":"branch","line":28,"loc":{"start":{"line":28,"column":4},"end":{"line":29,"column":16}},"locations":[{"start":{"line":28,"column":4},"end":{"line":29,"column":16}}]},"7":{"type":"branch","line":32,"loc":{"start":{"line":32,"column":20},"end":{"line":47,"column":4}},"locations":[{"start":{"line":32,"column":20},"end":{"line":47,"column":4}}]},"8":{"type":"branch","line":36,"loc":{"start":{"line":36,"column":32},"end":{"line":38,"column":15}},"locations":[{"start":{"line":36,"column":32},"end":{"line":38,"column":15}}]},"9":{"type":"branch","line":38,"loc":{"start":{"line":38,"column":39},"end":{"line":40,"column":15}},"locations":[{"start":{"line":38,"column":39},"end":{"line":40,"column":15}}]},"10":{"type":"branch","line":40,"loc":{"start":{"line":40,"column":39},"end":{"line":42,"column":11}},"locations":[{"start":{"line":40,"column":39},"end":{"line":42,"column":11}}]},"11":{"type":"branch","line":49,"loc":{"start":{"line":49,"column":26},"end":{"line":62,"column":4}},"locations":[{"start":{"line":49,"column":26},"end":{"line":62,"column":4}}]},"12":{"type":"branch","line":53,"loc":{"start":{"line":53,"column":34},"end":{"line":55,"column":15}},"locations":[{"start":{"line":53,"column":34},"end":{"line":55,"column":15}}]},"13":{"type":"branch","line":55,"loc":{"start":{"line":55,"column":41},"end":{"line":57,"column":11}},"locations":[{"start":{"line":55,"column":41},"end":{"line":57,"column":11}}]},"14":{"type":"branch","line":64,"loc":{"start":{"line":64,"column":26},"end":{"line":67,"column":4}},"locations":[{"start":{"line":64,"column":26},"end":{"line":67,"column":4}}]},"15":{"type":"branch","line":69,"loc":{"start":{"line":69,"column":23},"end":{"line":95,"column":4}},"locations":[{"start":{"line":69,"column":23},"end":{"line":95,"column":4}}]},"16":{"type":"branch","line":70,"loc":{"start":{"line":70,"column":17},"end":{"line":70,"column":39}},"locations":[{"start":{"line":70,"column":17},"end":{"line":70,"column":39}}]},"17":{"type":"branch","line":70,"loc":{"start":{"line":70,"column":33},"end":{"line":70,"column":53}},"locations":[{"start":{"line":70,"column":33},"end":{"line":70,"column":53}}]},"18":{"type":"branch","line":70,"loc":{"start":{"line":70,"column":47},"end":{"line":70,"column":73}},"locations":[{"start":{"line":70,"column":47},"end":{"line":70,"column":73}}]},"19":{"type":"branch","line":70,"loc":{"start":{"line":70,"column":67},"end":{"line":70,"column":88}},"locations":[{"start":{"line":70,"column":67},"end":{"line":70,"column":88}}]},"20":{"type":"branch","line":70,"loc":{"start":{"line":70,"column":88},"end":{"line":72,"column":15}},"locations":[{"start":{"line":70,"column":88},"end":{"line":72,"column":15}}]},"21":{"type":"branch","line":72,"loc":{"start":{"line":72,"column":4},"end":{"line":94,"column":5}},"locations":[{"start":{"line":72,"column":4},"end":{"line":94,"column":5}}]},"22":{"type":"branch","line":72,"loc":{"start":{"line":72,"column":40},"end":{"line":74,"column":15}},"locations":[{"start":{"line":72,"column":40},"end":{"line":74,"column":15}}]},"23":{"type":"branch","line":74,"loc":{"start":{"line":74,"column":4},"end":{"line":94,"column":5}},"locations":[{"start":{"line":74,"column":4},"end":{"line":94,"column":5}}]},"24":{"type":"branch","line":74,"loc":{"start":{"line":74,"column":36},"end":{"line":76,"column":15}},"locations":[{"start":{"line":74,"column":36},"end":{"line":76,"column":15}}]},"25":{"type":"branch","line":76,"loc":{"start":{"line":76,"column":4},"end":{"line":94,"column":5}},"locations":[{"start":{"line":76,"column":4},"end":{"line":94,"column":5}}]},"26":{"type":"branch","line":76,"loc":{"start":{"line":76,"column":48},"end":{"line":78,"column":15}},"locations":[{"start":{"line":76,"column":48},"end":{"line":78,"column":15}}]},"27":{"type":"branch","line":78,"loc":{"start":{"line":78,"column":4},"end":{"line":94,"column":5}},"locations":[{"start":{"line":78,"column":4},"end":{"line":94,"column":5}}]},"28":{"type":"branch","line":78,"loc":{"start":{"line":78,"column":36},"end":{"line":94,"column":5}},"locations":[{"start":{"line":78,"column":36},"end":{"line":94,"column":5}}]},"29":{"type":"branch","line":88,"loc":{"start":{"line":88,"column":33},"end":{"line":90,"column":13}},"locations":[{"start":{"line":88,"column":33},"end":{"line":90,"column":13}}]},"30":{"type":"branch","line":116,"loc":{"start":{"line":116,"column":23},"end":{"line":116,"column":55}},"locations":[{"start":{"line":116,"column":23},"end":{"line":116,"column":55}}]},"31":{"type":"branch","line":123,"loc":{"start":{"line":123,"column":23},"end":{"line":123,"column":56}},"locations":[{"start":{"line":123,"column":23},"end":{"line":123,"column":56}}]},"32":{"type":"branch","line":130,"loc":{"start":{"line":130,"column":23},"end":{"line":130,"column":65}},"locations":[{"start":{"line":130,"column":23},"end":{"line":130,"column":65}}]},"33":{"type":"branch","line":137,"loc":{"start":{"line":137,"column":23},"end":{"line":137,"column":77}},"locations":[{"start":{"line":137,"column":23},"end":{"line":137,"column":77}}]},"34":{"type":"branch","line":142,"loc":{"start":{"line":142,"column":23},"end":{"line":142,"column":57}},"locations":[{"start":{"line":142,"column":23},"end":{"line":142,"column":57}}]},"35":{"type":"branch","line":164,"loc":{"start":{"line":164,"column":22},"end":{"line":164,"column":43}},"locations":[{"start":{"line":164,"column":22},"end":{"line":164,"column":43}}]}},"b":{"0":[39],"1":[4],"2":[1],"3":[3],"4":[3],"5":[1],"6":[2],"7":[5],"8":[0],"9":[0],"10":[0],"11":[5],"12":[0],"13":[0],"14":[5],"15":[6],"16":[5],"17":[5],"18":[5],"19":[5],"20":[1],"21":[5],"22":[1],"23":[4],"24":[1],"25":[3],"26":[1],"27":[2],"28":[1],"29":[0],"30":[5],"31":[5],"32":[5],"33":[5],"34":[9],"35":[1]},"fnMap":{"0":{"name":"CreateCliente","decl":{"start":{"line":10,"column":0},"end":{"line":176,"column":1}},"loc":{"start":{"line":10,"column":0},"end":{"line":176,"column":1}},"line":10},"1":{"name":"cpfValidation","decl":{"start":{"line":18,"column":24},"end":{"line":23,"column":4}},"loc":{"start":{"line":18,"column":24},"end":{"line":23,"column":4}},"line":18},"2":{"name":"telephoneValidation","decl":{"start":{"line":25,"column":30},"end":{"line":30,"column":4}},"loc":{"start":{"line":25,"column":30},"end":{"line":30,"column":4}},"line":25},"3":{"name":"formatCpf","decl":{"start":{"line":32,"column":20},"end":{"line":47,"column":4}},"loc":{"start":{"line":32,"column":20},"end":{"line":47,"column":4}},"line":32},"4":{"name":"formatTelephone","decl":{"start":{"line":49,"column":26},"end":{"line":62,"column":4}},"loc":{"start":{"line":49,"column":26},"end":{"line":62,"column":4}},"line":49},"5":{"name":"emailValidation","decl":{"start":{"line":64,"column":26},"end":{"line":67,"column":4}},"loc":{"start":{"line":64,"column":26},"end":{"line":67,"column":4}},"line":64},"6":{"name":"handleCreate","decl":{"start":{"line":69,"column":23},"end":{"line":95,"column":4}},"loc":{"start":{"line":69,"column":23},"end":{"line":95,"column":4}},"line":69},"7":{"name":"onChange","decl":{"start":{"line":116,"column":23},"end":{"line":116,"column":55}},"loc":{"start":{"line":116,"column":23},"end":{"line":116,"column":55}},"line":116},"8":{"name":"onChange","decl":{"start":{"line":123,"column":23},"end":{"line":123,"column":56}},"loc":{"start":{"line":123,"column":23},"end":{"line":123,"column":56}},"line":123},"9":{"name":"onChange","decl":{"start":{"line":130,"column":23},"end":{"line":130,"column":65}},"loc":{"start":{"line":130,"column":23},"end":{"line":130,"column":65}},"line":130},"10":{"name":"onChange","decl":{"start":{"line":137,"column":23},"end":{"line":137,"column":77}},"loc":{"start":{"line":137,"column":23},"end":{"line":137,"column":77}},"line":137},"11":{"name":"onChange","decl":{"start":{"line":142,"column":23},"end":{"line":142,"column":57}},"loc":{"start":{"line":142,"column":23},"end":{"line":142,"column":57}},"line":142},"12":{"name":"onClick","decl":{"start":{"line":164,"column":22},"end":{"line":164,"column":43}},"loc":{"start":{"line":164,"column":22},"end":{"line":164,"column":43}},"line":164}},"f":{"0":39,"1":4,"2":3,"3":5,"4":5,"5":5,"6":6,"7":5,"8":5,"9":5,"10":5,"11":9,"12":1}}
,"/home/luizlacerdam/projetos/test-fullstack/front-end/src/pages/EditClient/index.jsx": {"path":"/home/luizlacerdam/projetos/test-fullstack/front-end/src/pages/EditClient/index.jsx","all":false,"statementMap":{"0":{"start":{"line":1,"column":0},"end":{"line":1,"column":57}},"1":{"start":{"line":2,"column":0},"end":{"line":2,"column":29}},"2":{"start":{"line":3,"column":0},"end":{"line":3,"column":28}},"3":{"start":{"line":4,"column":0},"end":{"line":4,"column":37}},"4":{"start":{"line":5,"column":0},"end":{"line":5,"column":40}},"5":{"start":{"line":6,"column":0},"end":{"line":6,"column":44}},"6":{"start":{"line":7,"column":0},"end":{"line":7,"column":62}},"7":{"start":{"line":8,"column":0},"end":{"line":8,"column":52}},"8":{"start":{"line":9,"column":0},"end":{"line":9,"column":0}},"9":{"start":{"line":10,"column":0},"end":{"line":10,"column":38}},"10":{"start":{"line":11,"column":0},"end":{"line":11,"column":35}},"11":{"start":{"line":12,"column":0},"end":{"line":12,"column":0}},"12":{"start":{"line":13,"column":0},"end":{"line":13,"column":46}},"13":{"start":{"line":14,"column":0},"end":{"line":14,"column":49}},"14":{"start":{"line":15,"column":0},"end":{"line":15,"column":43}},"15":{"start":{"line":16,"column":0},"end":{"line":16,"column":61}},"16":{"start":{"line":17,"column":0},"end":{"line":17,"column":52}},"17":{"start":{"line":18,"column":0},"end":{"line":18,"column":33}},"18":{"start":{"line":19,"column":0},"end":{"line":19,"column":0}},"19":{"start":{"line":20,"column":0},"end":{"line":20,"column":36}},"20":{"start":{"line":21,"column":0},"end":{"line":21,"column":30}},"21":{"start":{"line":22,"column":0},"end":{"line":22,"column":19}},"22":{"start":{"line":23,"column":0},"end":{"line":23,"column":5}},"23":{"start":{"line":24,"column":0},"end":{"line":24,"column":16}},"24":{"start":{"line":25,"column":0},"end":{"line":25,"column":4}},"25":{"start":{"line":26,"column":0},"end":{"line":26,"column":0}},"26":{"start":{"line":27,"column":0},"end":{"line":27,"column":42}},"27":{"start":{"line":28,"column":0},"end":{"line":28,"column":30}},"28":{"start":{"line":29,"column":0},"end":{"line":29,"column":19}},"29":{"start":{"line":30,"column":0},"end":{"line":30,"column":5}},"30":{"start":{"line":31,"column":0},"end":{"line":31,"column":16}},"31":{"start":{"line":32,"column":0},"end":{"line":32,"column":4}},"32":{"start":{"line":33,"column":0},"end":{"line":33,"column":0}},"33":{"start":{"line":34,"column":0},"end":{"line":34,"column":32}},"34":{"start":{"line":35,"column":0},"end":{"line":35,"column":48}},"35":{"start":{"line":36,"column":0},"end":{"line":36,"column":26}},"36":{"start":{"line":37,"column":0},"end":{"line":37,"column":0}},"37":{"start":{"line":38,"column":0},"end":{"line":38,"column":33}},"38":{"start":{"line":39,"column":0},"end":{"line":39,"column":32}},"39":{"start":{"line":40,"column":0},"end":{"line":40,"column":40}},"40":{"start":{"line":41,"column":0},"end":{"line":41,"column":72}},"41":{"start":{"line":42,"column":0},"end":{"line":42,"column":40}},"42":{"start":{"line":43,"column":0},"end":{"line":43,"column":98}},"43":{"start":{"line":44,"column":0},"end":{"line":44,"column":12}},"44":{"start":{"line":45,"column":0},"end":{"line":45,"column":128}},"45":{"start":{"line":46,"column":0},"end":{"line":46,"column":5}},"46":{"start":{"line":47,"column":0},"end":{"line":47,"column":0}},"47":{"start":{"line":48,"column":0},"end":{"line":48,"column":24}},"48":{"start":{"line":49,"column":0},"end":{"line":49,"column":4}},"49":{"start":{"line":50,"column":0},"end":{"line":50,"column":0}},"50":{"start":{"line":51,"column":0},"end":{"line":51,"column":38}},"51":{"start":{"line":52,"column":0},"end":{"line":52,"column":50}},"52":{"start":{"line":53,"column":0},"end":{"line":53,"column":28}},"53":{"start":{"line":54,"column":0},"end":{"line":54,"column":0}},"54":{"start":{"line":55,"column":0},"end":{"line":55,"column":35}},"55":{"start":{"line":56,"column":0},"end":{"line":56,"column":42}},"56":{"start":{"line":57,"column":0},"end":{"line":57,"column":42}},"57":{"start":{"line":58,"column":0},"end":{"line":58,"column":83}},"58":{"start":{"line":59,"column":0},"end":{"line":59,"column":12}},"59":{"start":{"line":60,"column":0},"end":{"line":60,"column":112}},"60":{"start":{"line":61,"column":0},"end":{"line":61,"column":5}},"61":{"start":{"line":62,"column":0},"end":{"line":62,"column":0}},"62":{"start":{"line":63,"column":0},"end":{"line":63,"column":26}},"63":{"start":{"line":64,"column":0},"end":{"line":64,"column":4}},"64":{"start":{"line":65,"column":0},"end":{"line":65,"column":0}},"65":{"start":{"line":66,"column":0},"end":{"line":66,"column":38}},"66":{"start":{"line":67,"column":0},"end":{"line":67,"column":38}},"67":{"start":{"line":68,"column":0},"end":{"line":68,"column":34}},"68":{"start":{"line":69,"column":0},"end":{"line":69,"column":4}},"69":{"start":{"line":70,"column":0},"end":{"line":70,"column":0}},"70":{"start":{"line":71,"column":0},"end":{"line":71,"column":36}},"71":{"start":{"line":72,"column":0},"end":{"line":72,"column":89}},"72":{"start":{"line":73,"column":0},"end":{"line":73,"column":40}},"73":{"start":{"line":74,"column":0},"end":{"line":74,"column":41}},"74":{"start":{"line":75,"column":0},"end":{"line":75,"column":39}},"75":{"start":{"line":76,"column":0},"end":{"line":76,"column":37}},"76":{"start":{"line":77,"column":0},"end":{"line":77,"column":36}},"77":{"start":{"line":78,"column":0},"end":{"line":78,"column":49}},"78":{"start":{"line":79,"column":0},"end":{"line":79,"column":42}},"79":{"start":{"line":80,"column":0},"end":{"line":80,"column":37}},"80":{"start":{"line":81,"column":0},"end":{"line":81,"column":35}},"81":{"start":{"line":82,"column":0},"end":{"line":82,"column":12}},"82":{"start":{"line":83,"column":0},"end":{"line":83,"column":61}},"83":{"start":{"line":84,"column":0},"end":{"line":84,"column":13}},"84":{"start":{"line":85,"column":0},"end":{"line":85,"column":14}},"85":{"start":{"line":86,"column":0},"end":{"line":86,"column":12}},"86":{"start":{"line":87,"column":0},"end":{"line":87,"column":18}},"87":{"start":{"line":88,"column":0},"end":{"line":88,"column":15}},"88":{"start":{"line":89,"column":0},"end":{"line":89,"column":9}},"89":{"start":{"line":90,"column":0},"end":{"line":90,"column":34}},"90":{"start":{"line":91,"column":0},"end":{"line":91,"column":43}},"91":{"start":{"line":92,"column":0},"end":{"line":92,"column":14}},"92":{"start":{"line":93,"column":0},"end":{"line":93,"column":48}},"93":{"start":{"line":94,"column":0},"end":{"line":94,"column":22}},"94":{"start":{"line":95,"column":0},"end":{"line":95,"column":7}},"95":{"start":{"line":96,"column":0},"end":{"line":96,"column":5}},"96":{"start":{"line":97,"column":0},"end":{"line":97,"column":4}},"97":{"start":{"line":98,"column":0},"end":{"line":98,"column":0}},"98":{"start":{"line":99,"column":0},"end":{"line":99,"column":10}},"99":{"start":{"line":100,"column":0},"end":{"line":100,"column":31}},"100":{"start":{"line":101,"column":0},"end":{"line":101,"column":66}},"101":{"start":{"line":102,"column":0},"end":{"line":102,"column":30}},"102":{"start":{"line":103,"column":0},"end":{"line":103,"column":13}},"103":{"start":{"line":104,"column":0},"end":{"line":104,"column":38}},"104":{"start":{"line":105,"column":0},"end":{"line":105,"column":11}},"105":{"start":{"line":106,"column":0},"end":{"line":106,"column":26}},"106":{"start":{"line":107,"column":0},"end":{"line":107,"column":15}},"107":{"start":{"line":108,"column":0},"end":{"line":108,"column":48}},"108":{"start":{"line":109,"column":0},"end":{"line":109,"column":59}},"109":{"start":{"line":110,"column":0},"end":{"line":110,"column":17}},"110":{"start":{"line":111,"column":0},"end":{"line":111,"column":14}},"111":{"start":{"line":112,"column":0},"end":{"line":112,"column":49}},"112":{"start":{"line":113,"column":0},"end":{"line":113,"column":16}},"113":{"start":{"line":114,"column":0},"end":{"line":114,"column":65}},"114":{"start":{"line":115,"column":0},"end":{"line":115,"column":30}},"115":{"start":{"line":116,"column":0},"end":{"line":116,"column":23}},"116":{"start":{"line":117,"column":0},"end":{"line":117,"column":26}},"117":{"start":{"line":118,"column":0},"end":{"line":118,"column":55}},"118":{"start":{"line":119,"column":0},"end":{"line":119,"column":12}},"119":{"start":{"line":120,"column":0},"end":{"line":120,"column":16}},"120":{"start":{"line":121,"column":0},"end":{"line":121,"column":65}},"121":{"start":{"line":122,"column":0},"end":{"line":122,"column":32}},"122":{"start":{"line":123,"column":0},"end":{"line":123,"column":24}},"123":{"start":{"line":124,"column":0},"end":{"line":124,"column":27}},"124":{"start":{"line":125,"column":0},"end":{"line":125,"column":56}},"125":{"start":{"line":126,"column":0},"end":{"line":126,"column":12}},"126":{"start":{"line":127,"column":0},"end":{"line":127,"column":16}},"127":{"start":{"line":128,"column":0},"end":{"line":128,"column":65}},"128":{"start":{"line":129,"column":0},"end":{"line":129,"column":29}},"129":{"start":{"line":130,"column":0},"end":{"line":130,"column":23}},"130":{"start":{"line":131,"column":0},"end":{"line":131,"column":25}},"131":{"start":{"line":132,"column":0},"end":{"line":132,"column":65}},"132":{"start":{"line":133,"column":0},"end":{"line":133,"column":12}},"133":{"start":{"line":134,"column":0},"end":{"line":134,"column":16}},"134":{"start":{"line":135,"column":0},"end":{"line":135,"column":65}},"135":{"start":{"line":136,"column":0},"end":{"line":136,"column":34}},"136":{"start":{"line":137,"column":0},"end":{"line":137,"column":23}},"137":{"start":{"line":138,"column":0},"end":{"line":138,"column":31}},"138":{"start":{"line":139,"column":0},"end":{"line":139,"column":77}},"139":{"start":{"line":140,"column":0},"end":{"line":140,"column":12}},"140":{"start":{"line":141,"column":0},"end":{"line":141,"column":17}},"141":{"start":{"line":142,"column":0},"end":{"line":142,"column":64}},"142":{"start":{"line":143,"column":0},"end":{"line":143,"column":28}},"143":{"start":{"line":144,"column":0},"end":{"line":144,"column":57}},"144":{"start":{"line":145,"column":0},"end":{"line":145,"column":11}},"145":{"start":{"line":146,"column":0},"end":{"line":146,"column":54}},"146":{"start":{"line":147,"column":0},"end":{"line":147,"column":49}},"147":{"start":{"line":148,"column":0},"end":{"line":148,"column":75}},"148":{"start":{"line":149,"column":0},"end":{"line":149,"column":53}},"149":{"start":{"line":150,"column":0},"end":{"line":150,"column":60}},"150":{"start":{"line":151,"column":0},"end":{"line":151,"column":19}},"151":{"start":{"line":152,"column":0},"end":{"line":152,"column":14}},"152":{"start":{"line":153,"column":0},"end":{"line":153,"column":42}},"153":{"start":{"line":154,"column":0},"end":{"line":154,"column":17}},"154":{"start":{"line":155,"column":0},"end":{"line":155,"column":51}},"155":{"start":{"line":156,"column":0},"end":{"line":156,"column":36}},"156":{"start":{"line":157,"column":0},"end":{"line":157,"column":11}},"157":{"start":{"line":158,"column":0},"end":{"line":158,"column":17}},"158":{"start":{"line":159,"column":0},"end":{"line":159,"column":30}},"159":{"start":{"line":160,"column":0},"end":{"line":160,"column":13}},"160":{"start":{"line":161,"column":0},"end":{"line":161,"column":23}},"161":{"start":{"line":162,"column":0},"end":{"line":162,"column":19}},"162":{"start":{"line":163,"column":0},"end":{"line":163,"column":19}},"163":{"start":{"line":164,"column":0},"end":{"line":164,"column":17}},"164":{"start":{"line":165,"column":0},"end":{"line":165,"column":46}},"165":{"start":{"line":166,"column":0},"end":{"line":166,"column":43}},"166":{"start":{"line":167,"column":0},"end":{"line":167,"column":11}},"167":{"start":{"line":168,"column":0},"end":{"line":168,"column":17}},"168":{"start":{"line":169,"column":0},"end":{"line":169,"column":30}},"169":{"start":{"line":170,"column":0},"end":{"line":170,"column":13}},"170":{"start":{"line":171,"column":0},"end":{"line":171,"column":20}},"171":{"start":{"line":172,"column":0},"end":{"line":172,"column":19}},"172":{"start":{"line":173,"column":0},"end":{"line":173,"column":19}},"173":{"start":{"line":174,"column":0},"end":{"line":174,"column":14}},"174":{"start":{"line":175,"column":0},"end":{"line":175,"column":12}},"175":{"start":{"line":176,"column":0},"end":{"line":176,"column":10}},"176":{"start":{"line":177,"column":0},"end":{"line":177,"column":4}},"177":{"start":{"line":178,"column":0},"end":{"line":178,"column":1}}},"s":{"0":1,"1":1,"2":1,"3":1,"4":1,"5":1,"6":1,"7":1,"8":1,"9":37,"10":37,"11":37,"12":37,"13":37,"14":37,"15":37,"16":37,"17":37,"18":37,"19":37,"20":4,"21":1,"22":1,"23":3,"24":4,"25":37,"26":37,"27":3,"28":1,"29":1,"30":2,"31":3,"32":37,"33":37,"34":5,"35":5,"36":5,"37":5,"38":0,"39":5,"40":0,"41":5,"42":0,"43":5,"44":5,"45":5,"46":5,"47":5,"48":5,"49":37,"50":37,"51":5,"52":5,"53":5,"54":5,"55":0,"56":5,"57":0,"58":5,"59":5,"60":5,"61":5,"62":5,"63":5,"64":37,"65":37,"66":5,"67":5,"68":5,"69":37,"70":37,"71":5,"72":0,"73":5,"74":1,"75":5,"76":1,"77":4,"78":1,"79":3,"80":1,"81":1,"82":1,"83":1,"84":1,"85":1,"86":1,"87":1,"88":1,"89":1,"90":0,"91":1,"92":1,"93":1,"94":1,"95":1,"96":5,"97":37,"98":37,"99":37,"100":37,"101":37,"102":37,"103":37,"104":37,"105":37,"106":37,"107":37,"108":37,"109":37,"110":37,"111":37,"112":37,"113":37,"114":37,"115":37,"116":37,"117":37,"118":37,"119":37,"120":37,"121":37,"122":37,"123":37,"124":37,"125":37,"126":37,"127":37,"128":37,"129":37,"130":37,"131":37,"132":37,"133":37,"134":37,"135":37,"136":37,"137":37,"138":37,"139":37,"140":37,"141":37,"142":37,"143":37,"144":37,"145":37,"146":37,"147":37,"148":37,"149":37,"150":37,"151":37,"152":37,"153":37,"154":37,"155":37,"156":37,"157":37,"158":37,"159":37,"160":37,"161":37,"162":37,"163":37,"164":37,"165":37,"166":37,"167":37,"168":37,"169":37,"170":37,"171":37,"172":37,"173":37,"174":37,"175":37,"176":37,"177":37},"branchMap":{"0":{"type":"branch","line":10,"loc":{"start":{"line":10,"column":0},"end":{"line":178,"column":1}},"locations":[{"start":{"line":10,"column":0},"end":{"line":178,"column":1}}]},"1":{"type":"branch","line":20,"loc":{"start":{"line":20,"column":24},"end":{"line":25,"column":4}},"locations":[{"start":{"line":20,"column":24},"end":{"line":25,"column":4}}]},"2":{"type":"branch","line":21,"loc":{"start":{"line":21,"column":29},"end":{"line":23,"column":5}},"locations":[{"start":{"line":21,"column":29},"end":{"line":23,"column":5}}]},"3":{"type":"branch","line":23,"loc":{"start":{"line":23,"column":4},"end":{"line":24,"column":16}},"locations":[{"start":{"line":23,"column":4},"end":{"line":24,"column":16}}]},"4":{"type":"branch","line":27,"loc":{"start":{"line":27,"column":30},"end":{"line":32,"column":4}},"locations":[{"start":{"line":27,"column":30},"end":{"line":32,"column":4}}]},"5":{"type":"branch","line":28,"loc":{"start":{"line":28,"column":29},"end":{"line":30,"column":5}},"locations":[{"start":{"line":28,"column":29},"end":{"line":30,"column":5}}]},"6":{"type":"branch","line":30,"loc":{"start":{"line":30,"column":4},"end":{"line":31,"column":16}},"locations":[{"start":{"line":30,"column":4},"end":{"line":31,"column":16}}]},"7":{"type":"branch","line":34,"loc":{"start":{"line":34,"column":20},"end":{"line":49,"column":4}},"locations":[{"start":{"line":34,"column":20},"end":{"line":49,"column":4}}]},"8":{"type":"branch","line":38,"loc":{"start":{"line":38,"column":32},"end":{"line":40,"column":15}},"locations":[{"start":{"line":38,"column":32},"end":{"line":40,"column":15}}]},"9":{"type":"branch","line":40,"loc":{"start":{"line":40,"column":39},"end":{"line":42,"column":15}},"locations":[{"start":{"line":40,"column":39},"end":{"line":42,"column":15}}]},"10":{"type":"branch","line":42,"loc":{"start":{"line":42,"column":39},"end":{"line":44,"column":11}},"locations":[{"start":{"line":42,"column":39},"end":{"line":44,"column":11}}]},"11":{"type":"branch","line":51,"loc":{"start":{"line":51,"column":26},"end":{"line":64,"column":4}},"locations":[{"start":{"line":51,"column":26},"end":{"line":64,"column":4}}]},"12":{"type":"branch","line":55,"loc":{"start":{"line":55,"column":34},"end":{"line":57,"column":15}},"locations":[{"start":{"line":55,"column":34},"end":{"line":57,"column":15}}]},"13":{"type":"branch","line":57,"loc":{"start":{"line":57,"column":41},"end":{"line":59,"column":11}},"locations":[{"start":{"line":57,"column":41},"end":{"line":59,"column":11}}]},"14":{"type":"branch","line":66,"loc":{"start":{"line":66,"column":26},"end":{"line":69,"column":4}},"locations":[{"start":{"line":66,"column":26},"end":{"line":69,"column":4}}]},"15":{"type":"branch","line":71,"loc":{"start":{"line":71,"column":23},"end":{"line":97,"column":4}},"locations":[{"start":{"line":71,"column":23},"end":{"line":97,"column":4}}]},"16":{"type":"branch","line":72,"loc":{"start":{"line":72,"column":88},"end":{"line":74,"column":15}},"locations":[{"start":{"line":72,"column":88},"end":{"line":74,"column":15}}]},"17":{"type":"branch","line":74,"loc":{"start":{"line":74,"column":40},"end":{"line":76,"column":15}},"locations":[{"start":{"line":74,"column":40},"end":{"line":76,"column":15}}]},"18":{"type":"branch","line":76,"loc":{"start":{"line":76,"column":4},"end":{"line":96,"column":5}},"locations":[{"start":{"line":76,"column":4},"end":{"line":96,"column":5}}]},"19":{"type":"branch","line":76,"loc":{"start":{"line":76,"column":36},"end":{"line":78,"column":15}},"locations":[{"start":{"line":76,"column":36},"end":{"line":78,"column":15}}]},"20":{"type":"branch","line":78,"loc":{"start":{"line":78,"column":4},"end":{"line":96,"column":5}},"locations":[{"start":{"line":78,"column":4},"end":{"line":96,"column":5}}]},"21":{"type":"branch","line":78,"loc":{"start":{"line":78,"column":48},"end":{"line":80,"column":15}},"locations":[{"start":{"line":78,"column":48},"end":{"line":80,"column":15}}]},"22":{"type":"branch","line":80,"loc":{"start":{"line":80,"column":4},"end":{"line":96,"column":5}},"locations":[{"start":{"line":80,"column":4},"end":{"line":96,"column":5}}]},"23":{"type":"branch","line":80,"loc":{"start":{"line":80,"column":36},"end":{"line":96,"column":5}},"locations":[{"start":{"line":80,"column":36},"end":{"line":96,"column":5}}]},"24":{"type":"branch","line":90,"loc":{"start":{"line":90,"column":33},"end":{"line":92,"column":13}},"locations":[{"start":{"line":90,"column":33},"end":{"line":92,"column":13}}]},"25":{"type":"branch","line":118,"loc":{"start":{"line":118,"column":23},"end":{"line":118,"column":55}},"locations":[{"start":{"line":118,"column":23},"end":{"line":118,"column":55}}]},"26":{"type":"branch","line":125,"loc":{"start":{"line":125,"column":23},"end":{"line":125,"column":56}},"locations":[{"start":{"line":125,"column":23},"end":{"line":125,"column":56}}]},"27":{"type":"branch","line":132,"loc":{"start":{"line":132,"column":23},"end":{"line":132,"column":65}},"locations":[{"start":{"line":132,"column":23},"end":{"line":132,"column":65}}]},"28":{"type":"branch","line":139,"loc":{"start":{"line":139,"column":23},"end":{"line":139,"column":77}},"locations":[{"start":{"line":139,"column":23},"end":{"line":139,"column":77}}]},"29":{"type":"branch","line":144,"loc":{"start":{"line":144,"column":23},"end":{"line":144,"column":57}},"locations":[{"start":{"line":144,"column":23},"end":{"line":144,"column":57}}]},"30":{"type":"branch","line":166,"loc":{"start":{"line":166,"column":22},"end":{"line":166,"column":43}},"locations":[{"start":{"line":166,"column":22},"end":{"line":166,"column":43}}]}},"b":{"0":[37],"1":[4],"2":[1],"3":[3],"4":[3],"5":[1],"6":[2],"7":[5],"8":[0],"9":[0],"10":[0],"11":[5],"12":[0],"13":[0],"14":[5],"15":[5],"16":[0],"17":[1],"18":[4],"19":[1],"20":[3],"21":[1],"22":[2],"23":[1],"24":[0],"25":[5],"26":[5],"27":[5],"28":[5],"29":[9],"30":[1]},"fnMap":{"0":{"name":"EditClient","decl":{"start":{"line":10,"column":0},"end":{"line":178,"column":1}},"loc":{"start":{"line":10,"column":0},"end":{"line":178,"column":1}},"line":10},"1":{"name":"cpfValidation","decl":{"start":{"line":20,"column":24},"end":{"line":25,"column":4}},"loc":{"start":{"line":20,"column":24},"end":{"line":25,"column":4}},"line":20},"2":{"name":"telephoneValidation","decl":{"start":{"line":27,"column":30},"end":{"line":32,"column":4}},"loc":{"start":{"line":27,"column":30},"end":{"line":32,"column":4}},"line":27},"3":{"name":"formatCpf","decl":{"start":{"line":34,"column":20},"end":{"line":49,"column":4}},"loc":{"start":{"line":34,"column":20},"end":{"line":49,"column":4}},"line":34},"4":{"name":"formatTelephone","decl":{"start":{"line":51,"column":26},"end":{"line":64,"column":4}},"loc":{"start":{"line":51,"column":26},"end":{"line":64,"column":4}},"line":51},"5":{"name":"emailValidation","decl":{"start":{"line":66,"column":26},"end":{"line":69,"column":4}},"loc":{"start":{"line":66,"column":26},"end":{"line":69,"column":4}},"line":66},"6":{"name":"handleUpdate","decl":{"start":{"line":71,"column":23},"end":{"line":97,"column":4}},"loc":{"start":{"line":71,"column":23},"end":{"line":97,"column":4}},"line":71},"7":{"name":"onChange","decl":{"start":{"line":118,"column":23},"end":{"line":118,"column":55}},"loc":{"start":{"line":118,"column":23},"end":{"line":118,"column":55}},"line":118},"8":{"name":"onChange","decl":{"start":{"line":125,"column":23},"end":{"line":125,"column":56}},"loc":{"start":{"line":125,"column":23},"end":{"line":125,"column":56}},"line":125},"9":{"name":"onChange","decl":{"start":{"line":132,"column":23},"end":{"line":132,"column":65}},"loc":{"start":{"line":132,"column":23},"end":{"line":132,"column":65}},"line":132},"10":{"name":"onChange","decl":{"start":{"line":139,"column":23},"end":{"line":139,"column":77}},"loc":{"start":{"line":139,"column":23},"end":{"line":139,"column":77}},"line":139},"11":{"name":"onChange","decl":{"start":{"line":144,"column":23},"end":{"line":144,"column":57}},"loc":{"start":{"line":144,"column":23},"end":{"line":144,"column":57}},"line":144},"12":{"name":"onClick","decl":{"start":{"line":166,"column":22},"end":{"line":166,"column":43}},"loc":{"start":{"line":166,"column":22},"end":{"line":166,"column":43}},"line":166}},"f":{"0":37,"1":4,"2":3,"3":5,"4":5,"5":5,"6":5,"7":5,"8":5,"9":5,"10":5,"11":9,"12":1}}
,"/home/luizlacerdam/projetos/test-fullstack/front-end/src/pages/EditClient/loaders/clientLoader.js": {"path":"/home/luizlacerdam/projetos/test-fullstack/front-end/src/pages/EditClient/loaders/clientLoader.js","all":true,"statementMap":{"0":{"start":{"line":1,"column":0},"end":{"line":1,"column":54}},"1":{"start":{"line":2,"column":0},"end":{"line":2,"column":0}},"2":{"start":{"line":3,"column":0},"end":{"line":3,"column":56}},"3":{"start":{"line":4,"column":0},"end":{"line":4,"column":17}},"4":{"start":{"line":5,"column":0},"end":{"line":5,"column":24}},"5":{"start":{"line":6,"column":0},"end":{"line":6,"column":48}},"6":{"start":{"line":7,"column":0},"end":{"line":7,"column":27}},"7":{"start":{"line":8,"column":0},"end":{"line":8,"column":16}},"8":{"start":{"line":9,"column":0},"end":{"line":9,"column":3}},"9":{"start":{"line":10,"column":0},"end":{"line":10,"column":14}},"10":{"start":{"line":11,"column":0},"end":{"line":11,"column":1}}},"s":{"0":0,"1":0,"2":0,"3":0,"4":0,"5":0,"6":0,"7":0,"8":0,"9":0,"10":0},"branchMap":{"0":{"type":"branch","line":1,"loc":{"start":{"line":1,"column":0},"end":{"line":11,"column":1}},"locations":[{"start":{"line":1,"column":0},"end":{"line":11,"column":1}}]}},"b":{"0":[0]},"fnMap":{"0":{"name":"(empty-report)","decl":{"start":{"line":1,"column":0},"end":{"line":11,"column":1}},"loc":{"start":{"line":1,"column":0},"end":{"line":11,"column":1}},"line":1}},"f":{"0":0}}
,"/home/luizlacerdam/projetos/test-fullstack/front-end/src/pages/Home/index.jsx": {"path":"/home/luizlacerdam/projetos/test-fullstack/front-end/src/pages/Home/index.jsx","all":false,"statementMap":{"0":{"start":{"line":1,"column":0},"end":{"line":1,"column":26}},"1":{"start":{"line":2,"column":0},"end":{"line":2,"column":44}},"2":{"start":{"line":3,"column":0},"end":{"line":3,"column":62}},"3":{"start":{"line":4,"column":0},"end":{"line":4,"column":49}},"4":{"start":{"line":5,"column":0},"end":{"line":5,"column":0}},"5":{"start":{"line":6,"column":0},"end":{"line":6,"column":32}},"6":{"start":{"line":7,"column":0},"end":{"line":7,"column":35}},"7":{"start":{"line":8,"column":0},"end":{"line":8,"column":33}},"8":{"start":{"line":9,"column":0},"end":{"line":9,"column":0}},"9":{"start":{"line":10,"column":0},"end":{"line":10,"column":10}},"10":{"start":{"line":11,"column":0},"end":{"line":11,"column":31}},"11":{"start":{"line":12,"column":0},"end":{"line":12,"column":73}},"12":{"start":{"line":13,"column":0},"end":{"line":13,"column":13}},"13":{"start":{"line":14,"column":0},"end":{"line":14,"column":13}},"14":{"start":{"line":15,"column":0},"end":{"line":15,"column":38}},"15":{"start":{"line":16,"column":0},"end":{"line":16,"column":11}},"16":{"start":{"line":17,"column":0},"end":{"line":17,"column":32}},"17":{"start":{"line":18,"column":0},"end":{"line":18,"column":15}},"18":{"start":{"line":19,"column":0},"end":{"line":19,"column":48}},"19":{"start":{"line":20,"column":0},"end":{"line":20,"column":58}},"20":{"start":{"line":21,"column":0},"end":{"line":21,"column":17}},"21":{"start":{"line":22,"column":0},"end":{"line":22,"column":14}},"22":{"start":{"line":23,"column":0},"end":{"line":23,"column":29}},"23":{"start":{"line":24,"column":0},"end":{"line":24,"column":17}},"24":{"start":{"line":25,"column":0},"end":{"line":25,"column":46}},"25":{"start":{"line":26,"column":0},"end":{"line":26,"column":56}},"26":{"start":{"line":27,"column":0},"end":{"line":27,"column":11}},"27":{"start":{"line":28,"column":0},"end":{"line":28,"column":46}},"28":{"start":{"line":29,"column":0},"end":{"line":29,"column":26}},"29":{"start":{"line":30,"column":0},"end":{"line":30,"column":19}},"30":{"start":{"line":31,"column":0},"end":{"line":31,"column":19}},"31":{"start":{"line":32,"column":0},"end":{"line":32,"column":14}},"32":{"start":{"line":33,"column":0},"end":{"line":33,"column":12}},"33":{"start":{"line":34,"column":0},"end":{"line":34,"column":11}},"34":{"start":{"line":35,"column":0},"end":{"line":35,"column":38}},"35":{"start":{"line":36,"column":0},"end":{"line":36,"column":60}},"36":{"start":{"line":37,"column":0},"end":{"line":37,"column":38}},"37":{"start":{"line":38,"column":0},"end":{"line":38,"column":12}},"38":{"start":{"line":39,"column":0},"end":{"line":39,"column":28}},"39":{"start":{"line":40,"column":0},"end":{"line":40,"column":46}},"40":{"start":{"line":41,"column":0},"end":{"line":41,"column":46}},"41":{"start":{"line":42,"column":0},"end":{"line":42,"column":15}},"42":{"start":{"line":43,"column":0},"end":{"line":43,"column":12}},"43":{"start":{"line":44,"column":0},"end":{"line":44,"column":10}},"44":{"start":{"line":45,"column":0},"end":{"line":45,"column":4}},"45":{"start":{"line":46,"column":0},"end":{"line":46,"column":1}}},"s":{"0":1,"1":1,"2":1,"3":1,"4":1,"5":6,"6":6,"7":6,"8":6,"9":6,"10":6,"11":6,"12":6,"13":6,"14":6,"15":6,"16":6,"17":6,"18":6,"19":6,"20":6,"21":6,"22":6,"23":6,"24":6,"25":6,"26":6,"27":6,"28":6,"29":6,"30":6,"31":6,"32":6,"33":6,"34":6,"35":24,"36":6,"37":6,"38":6,"39":6,"40":6,"41":6,"42":6,"43":6,"44":6,"45":6},"branchMap":{"0":{"type":"branch","line":6,"loc":{"start":{"line":6,"column":0},"end":{"line":46,"column":1}},"locations":[{"start":{"line":6,"column":0},"end":{"line":46,"column":1}}]},"1":{"type":"branch","line":37,"loc":{"start":{"line":37,"column":9},"end":{"line":37,"column":38}},"locations":[{"start":{"line":37,"column":9},"end":{"line":37,"column":38}}]},"2":{"type":"branch","line":26,"loc":{"start":{"line":26,"column":22},"end":{"line":26,"column":56}},"locations":[{"start":{"line":26,"column":22},"end":{"line":26,"column":56}}]},"3":{"type":"branch","line":35,"loc":{"start":{"line":35,"column":25},"end":{"line":36,"column":60}},"locations":[{"start":{"line":35,"column":25},"end":{"line":36,"column":60}}]}},"b":{"0":[6],"1":[0],"2":[1],"3":[24]},"fnMap":{"0":{"name":"Home","decl":{"start":{"line":6,"column":0},"end":{"line":46,"column":1}},"loc":{"start":{"line":6,"column":0},"end":{"line":46,"column":1}},"line":6},"1":{"name":"onClick","decl":{"start":{"line":26,"column":22},"end":{"line":26,"column":56}},"loc":{"start":{"line":26,"column":22},"end":{"line":26,"column":56}},"line":26}},"f":{"0":6,"1":1}}
,"/home/luizlacerdam/projetos/test-fullstack/front-end/src/pages/Home/components/clientCard.jsx": {"path":"/home/luizlacerdam/projetos/test-fullstack/front-end/src/pages/Home/components/clientCard.jsx","all":false,"statementMap":{"0":{"start":{"line":1,"column":0},"end":{"line":1,"column":26}},"1":{"start":{"line":2,"column":0},"end":{"line":2,"column":48}},"2":{"start":{"line":3,"column":0},"end":{"line":3,"column":35}},"3":{"start":{"line":4,"column":0},"end":{"line":4,"column":47}},"4":{"start":{"line":5,"column":0},"end":{"line":5,"column":0}},"5":{"start":{"line":6,"column":0},"end":{"line":6,"column":48}},"6":{"start":{"line":7,"column":0},"end":{"line":7,"column":33}},"7":{"start":{"line":8,"column":0},"end":{"line":8,"column":0}},"8":{"start":{"line":9,"column":0},"end":{"line":9,"column":28}},"9":{"start":{"line":10,"column":0},"end":{"line":10,"column":51}},"10":{"start":{"line":11,"column":0},"end":{"line":11,"column":77}},"11":{"start":{"line":12,"column":0},"end":{"line":12,"column":54}},"12":{"start":{"line":13,"column":0},"end":{"line":13,"column":64}},"13":{"start":{"line":14,"column":0},"end":{"line":14,"column":4}},"14":{"start":{"line":15,"column":0},"end":{"line":15,"column":10}},"15":{"start":{"line":16,"column":0},"end":{"line":16,"column":8}},"16":{"start":{"line":17,"column":0},"end":{"line":17,"column":17}},"17":{"start":{"line":18,"column":0},"end":{"line":18,"column":65}},"18":{"start":{"line":19,"column":0},"end":{"line":19,"column":5}},"19":{"start":{"line":20,"column":0},"end":{"line":20,"column":47}},"20":{"start":{"line":21,"column":0},"end":{"line":21,"column":46}},"21":{"start":{"line":22,"column":0},"end":{"line":22,"column":23}},"22":{"start":{"line":23,"column":0},"end":{"line":23,"column":15}},"23":{"start":{"line":24,"column":0},"end":{"line":24,"column":46}},"24":{"start":{"line":25,"column":0},"end":{"line":25,"column":24}},"25":{"start":{"line":26,"column":0},"end":{"line":26,"column":15}},"26":{"start":{"line":27,"column":0},"end":{"line":27,"column":12}},"27":{"start":{"line":28,"column":0},"end":{"line":28,"column":52}},"28":{"start":{"line":29,"column":0},"end":{"line":29,"column":46}},"29":{"start":{"line":30,"column":0},"end":{"line":30,"column":22}},"30":{"start":{"line":31,"column":0},"end":{"line":31,"column":15}},"31":{"start":{"line":32,"column":0},"end":{"line":32,"column":46}},"32":{"start":{"line":33,"column":0},"end":{"line":33,"column":28}},"33":{"start":{"line":34,"column":0},"end":{"line":34,"column":15}},"34":{"start":{"line":35,"column":0},"end":{"line":35,"column":12}},"35":{"start":{"line":36,"column":0},"end":{"line":36,"column":68}},"36":{"start":{"line":37,"column":0},"end":{"line":37,"column":12}},"37":{"start":{"line":38,"column":0},"end":{"line":38,"column":23}},"38":{"start":{"line":39,"column":0},"end":{"line":39,"column":86}},"39":{"start":{"line":40,"column":0},"end":{"line":40,"column":10}},"40":{"start":{"line":41,"column":0},"end":{"line":41,"column":46}},"41":{"start":{"line":42,"column":0},"end":{"line":42,"column":48}},"42":{"start":{"line":43,"column":0},"end":{"line":43,"column":15}},"43":{"start":{"line":44,"column":0},"end":{"line":44,"column":12}},"44":{"start":{"line":45,"column":0},"end":{"line":45,"column":69}},"45":{"start":{"line":46,"column":0},"end":{"line":46,"column":15}},"46":{"start":{"line":47,"column":0},"end":{"line":47,"column":50}},"47":{"start":{"line":48,"column":0},"end":{"line":48,"column":60}},"48":{"start":{"line":49,"column":0},"end":{"line":49,"column":9}},"49":{"start":{"line":50,"column":0},"end":{"line":50,"column":33}},"50":{"start":{"line":51,"column":0},"end":{"line":51,"column":18}},"51":{"start":{"line":52,"column":0},"end":{"line":52,"column":17}},"52":{"start":{"line":53,"column":0},"end":{"line":53,"column":17}},"53":{"start":{"line":54,"column":0},"end":{"line":54,"column":12}},"54":{"start":{"line":55,"column":0},"end":{"line":55,"column":10}},"55":{"start":{"line":56,"column":0},"end":{"line":56,"column":4}},"56":{"start":{"line":57,"column":0},"end":{"line":57,"column":1}},"57":{"start":{"line":58,"column":0},"end":{"line":58,"column":0}},"58":{"start":{"line":59,"column":0},"end":{"line":59,"column":24}},"59":{"start":{"line":60,"column":0},"end":{"line":60,"column":27}},"60":{"start":{"line":61,"column":0},"end":{"line":61,"column":25}},"61":{"start":{"line":62,"column":0},"end":{"line":62,"column":27}},"62":{"start":{"line":63,"column":0},"end":{"line":63,"column":28}},"63":{"start":{"line":64,"column":0},"end":{"line":64,"column":26}},"64":{"start":{"line":65,"column":0},"end":{"line":65,"column":32}},"65":{"start":{"line":66,"column":0},"end":{"line":66,"column":29}},"66":{"start":{"line":67,"column":0},"end":{"line":67,"column":16}},"67":{"start":{"line":68,"column":0},"end":{"line":68,"column":2}}},"s":{"0":1,"1":1,"2":1,"3":1,"4":1,"5":24,"6":24,"7":24,"8":24,"9":24,"10":24,"11":24,"12":24,"13":24,"14":24,"15":24,"16":24,"17":24,"18":24,"19":24,"20":24,"21":24,"22":24,"23":24,"24":24,"25":24,"26":24,"27":24,"28":24,"29":24,"30":24,"31":24,"32":24,"33":24,"34":24,"35":24,"36":24,"37":24,"38":24,"39":24,"40":24,"41":24,"42":24,"43":24,"44":24,"45":24,"46":24,"47":24,"48":24,"49":24,"50":24,"51":24,"52":24,"53":24,"54":24,"55":24,"56":24,"57":1,"58":1,"59":1,"60":1,"61":1,"62":1,"63":1,"64":1,"65":1,"66":1,"67":1},"branchMap":{"0":{"type":"branch","line":6,"loc":{"start":{"line":6,"column":0},"end":{"line":57,"column":1}},"locations":[{"start":{"line":6,"column":0},"end":{"line":57,"column":1}}]},"1":{"type":"branch","line":48,"loc":{"start":{"line":48,"column":20},"end":{"line":48,"column":60}},"locations":[{"start":{"line":48,"column":20},"end":{"line":48,"column":60}}]}},"b":{"0":[24],"1":[1]},"fnMap":{"0":{"name":"ClientCard","decl":{"start":{"line":6,"column":0},"end":{"line":57,"column":1}},"loc":{"start":{"line":6,"column":0},"end":{"line":57,"column":1}},"line":6},"1":{"name":"onClick","decl":{"start":{"line":48,"column":20},"end":{"line":48,"column":60}},"loc":{"start":{"line":48,"column":20},"end":{"line":48,"column":60}},"line":48}},"f":{"0":24,"1":1}}
,"/home/luizlacerdam/projetos/test-fullstack/front-end/src/pages/Home/loaders/clientsLoader.js": {"path":"/home/luizlacerdam/projetos/test-fullstack/front-end/src/pages/Home/loaders/clientsLoader.js","all":true,"statementMap":{"0":{"start":{"line":1,"column":0},"end":{"line":1,"column":54}},"1":{"start":{"line":2,"column":0},"end":{"line":2,"column":0}},"2":{"start":{"line":3,"column":0},"end":{"line":3,"column":47}},"3":{"start":{"line":4,"column":0},"end":{"line":4,"column":17}},"4":{"start":{"line":5,"column":0},"end":{"line":5,"column":42}},"5":{"start":{"line":6,"column":0},"end":{"line":6,"column":27}},"6":{"start":{"line":7,"column":0},"end":{"line":7,"column":16}},"7":{"start":{"line":8,"column":0},"end":{"line":8,"column":3}},"8":{"start":{"line":9,"column":0},"end":{"line":9,"column":14}},"9":{"start":{"line":10,"column":0},"end":{"line":10,"column":1}}},"s":{"0":0,"1":0,"2":0,"3":0,"4":0,"5":0,"6":0,"7":0,"8":0,"9":0},"branchMap":{"0":{"type":"branch","line":1,"loc":{"start":{"line":1,"column":0},"end":{"line":10,"column":1}},"locations":[{"start":{"line":1,"column":0},"end":{"line":10,"column":1}}]}},"b":{"0":[0]},"fnMap":{"0":{"name":"(empty-report)","decl":{"start":{"line":1,"column":0},"end":{"line":10,"column":1}},"loc":{"start":{"line":1,"column":0},"end":{"line":10,"column":1}},"line":1}},"f":{"0":0}}
,"/home/luizlacerdam/projetos/test-fullstack/front-end/src/pages/LayoutComponents/Layout.jsx": {"path":"/home/luizlacerdam/projetos/test-fullstack/front-end/src/pages/LayoutComponents/Layout.jsx","all":true,"statementMap":{"0":{"start":{"line":1,"column":0},"end":{"line":1,"column":26}},"1":{"start":{"line":2,"column":0},"end":{"line":2,"column":42}},"2":{"start":{"line":3,"column":0},"end":{"line":3,"column":39}},"3":{"start":{"line":4,"column":0},"end":{"line":4,"column":0}},"4":{"start":{"line":5,"column":0},"end":{"line":5,"column":19}},"5":{"start":{"line":6,"column":0},"end":{"line":6,"column":10}},"6":{"start":{"line":7,"column":0},"end":{"line":7,"column":9}},"7":{"start":{"line":8,"column":0},"end":{"line":8,"column":25}},"8":{"start":{"line":9,"column":0},"end":{"line":9,"column":16}},"9":{"start":{"line":10,"column":0},"end":{"line":10,"column":10}},"10":{"start":{"line":11,"column":0},"end":{"line":11,"column":4}},"11":{"start":{"line":12,"column":0},"end":{"line":12,"column":1}},"12":{"start":{"line":13,"column":0},"end":{"line":13,"column":0}},"13":{"start":{"line":14,"column":0},"end":{"line":14,"column":22}}},"s":{"0":0,"1":0,"2":0,"3":0,"4":0,"5":0,"6":0,"7":0,"8":0,"9":0,"10":0,"11":0,"12":0,"13":0},"branchMap":{"0":{"type":"branch","line":1,"loc":{"start":{"line":1,"column":0},"end":{"line":14,"column":22}},"locations":[{"start":{"line":1,"column":0},"end":{"line":14,"column":22}}]}},"b":{"0":[0]},"fnMap":{"0":{"name":"(empty-report)","decl":{"start":{"line":1,"column":0},"end":{"line":14,"column":22}},"loc":{"start":{"line":1,"column":0},"end":{"line":14,"column":22}},"line":1}},"f":{"0":0}}
,"/home/luizlacerdam/projetos/test-fullstack/front-end/src/pages/LayoutComponents/Navbar.jsx": {"path":"/home/luizlacerdam/projetos/test-fullstack/front-end/src/pages/LayoutComponents/Navbar.jsx","all":true,"statementMap":{"0":{"start":{"line":1,"column":0},"end":{"line":1,"column":26}},"1":{"start":{"line":2,"column":0},"end":{"line":2,"column":53}},"2":{"start":{"line":3,"column":0},"end":{"line":3,"column":0}},"3":{"start":{"line":4,"column":0},"end":{"line":4,"column":43}},"4":{"start":{"line":5,"column":0},"end":{"line":5,"column":10}},"5":{"start":{"line":6,"column":0},"end":{"line":6,"column":9}},"6":{"start":{"line":7,"column":0},"end":{"line":7,"column":60}},"7":{"start":{"line":8,"column":0},"end":{"line":8,"column":46}},"8":{"start":{"line":9,"column":0},"end":{"line":9,"column":12}},"9":{"start":{"line":10,"column":0},"end":{"line":10,"column":10}},"10":{"start":{"line":11,"column":0},"end":{"line":11,"column":28}},"11":{"start":{"line":12,"column":0},"end":{"line":12,"column":72}},"12":{"start":{"line":13,"column":0},"end":{"line":13,"column":7}},"13":{"start":{"line":14,"column":0},"end":{"line":14,"column":49}},"14":{"start":{"line":15,"column":0},"end":{"line":15,"column":35}},"15":{"start":{"line":16,"column":0},"end":{"line":16,"column":12}},"16":{"start":{"line":17,"column":0},"end":{"line":17,"column":64}},"17":{"start":{"line":18,"column":0},"end":{"line":18,"column":10}},"18":{"start":{"line":19,"column":0},"end":{"line":19,"column":4}},"19":{"start":{"line":20,"column":0},"end":{"line":20,"column":1}}},"s":{"0":0,"1":0,"2":0,"3":0,"4":0,"5":0,"6":0,"7":0,"8":0,"9":0,"10":0,"11":0,"12":0,"13":0,"14":0,"15":0,"16":0,"17":0,"18":0,"19":0},"branchMap":{"0":{"type":"branch","line":1,"loc":{"start":{"line":1,"column":0},"end":{"line":20,"column":1}},"locations":[{"start":{"line":1,"column":0},"end":{"line":20,"column":1}}]}},"b":{"0":[0]},"fnMap":{"0":{"name":"(empty-report)","decl":{"start":{"line":1,"column":0},"end":{"line":20,"column":1}},"loc":{"start":{"line":1,"column":0},"end":{"line":20,"column":1}},"line":1}},"f":{"0":0}}
,"/home/luizlacerdam/projetos/test-fullstack/front-end/src/utils/requests.js": {"path":"/home/luizlacerdam/projetos/test-fullstack/front-end/src/utils/requests.js","all":true,"statementMap":{"0":{"start":{"line":1,"column":0},"end":{"line":1,"column":26}},"1":{"start":{"line":2,"column":0},"end":{"line":2,"column":0}},"2":{"start":{"line":3,"column":0},"end":{"line":3,"column":39}},"3":{"start":{"line":4,"column":0},"end":{"line":4,"column":47}},"4":{"start":{"line":5,"column":0},"end":{"line":5,"column":0}},"5":{"start":{"line":6,"column":0},"end":{"line":6,"column":26}},"6":{"start":{"line":7,"column":0},"end":{"line":7,"column":35}},"7":{"start":{"line":8,"column":0},"end":{"line":8,"column":3}},"8":{"start":{"line":9,"column":0},"end":{"line":9,"column":0}},"9":{"start":{"line":10,"column":0},"end":{"line":10,"column":36}},"10":{"start":{"line":11,"column":0},"end":{"line":11,"column":52}},"11":{"start":{"line":12,"column":0},"end":{"line":12,"column":2}},"12":{"start":{"line":13,"column":0},"end":{"line":13,"column":0}},"13":{"start":{"line":14,"column":0},"end":{"line":14,"column":48}},"14":{"start":{"line":15,"column":0},"end":{"line":15,"column":39}},"15":{"start":{"line":16,"column":0},"end":{"line":16,"column":14}},"16":{"start":{"line":17,"column":0},"end":{"line":17,"column":2}},"17":{"start":{"line":18,"column":0},"end":{"line":18,"column":0}},"18":{"start":{"line":19,"column":0},"end":{"line":19,"column":55}},"19":{"start":{"line":20,"column":0},"end":{"line":20,"column":47}},"20":{"start":{"line":21,"column":0},"end":{"line":21,"column":14}},"21":{"start":{"line":22,"column":0},"end":{"line":22,"column":2}},"22":{"start":{"line":23,"column":0},"end":{"line":23,"column":0}},"23":{"start":{"line":24,"column":0},"end":{"line":24,"column":64}},"24":{"start":{"line":25,"column":0},"end":{"line":25,"column":82}},"25":{"start":{"line":26,"column":0},"end":{"line":26,"column":14}},"26":{"start":{"line":27,"column":0},"end":{"line":27,"column":2}},"27":{"start":{"line":28,"column":0},"end":{"line":28,"column":0}},"28":{"start":{"line":29,"column":0},"end":{"line":29,"column":55}},"29":{"start":{"line":30,"column":0},"end":{"line":30,"column":50}},"30":{"start":{"line":31,"column":0},"end":{"line":31,"column":14}},"31":{"start":{"line":32,"column":0},"end":{"line":32,"column":2}},"32":{"start":{"line":33,"column":0},"end":{"line":33,"column":0}},"33":{"start":{"line":34,"column":0},"end":{"line":34,"column":54}},"34":{"start":{"line":35,"column":0},"end":{"line":35,"column":46}},"35":{"start":{"line":36,"column":0},"end":{"line":36,"column":14}},"36":{"start":{"line":37,"column":0},"end":{"line":37,"column":2}},"37":{"start":{"line":38,"column":0},"end":{"line":38,"column":0}},"38":{"start":{"line":39,"column":0},"end":{"line":39,"column":70}},"39":{"start":{"line":40,"column":0},"end":{"line":40,"column":89}},"40":{"start":{"line":41,"column":0},"end":{"line":41,"column":18}},"41":{"start":{"line":42,"column":0},"end":{"line":42,"column":2}},"42":{"start":{"line":43,"column":0},"end":{"line":43,"column":0}},"43":{"start":{"line":44,"column":0},"end":{"line":44,"column":71}},"44":{"start":{"line":45,"column":0},"end":{"line":45,"column":90}},"45":{"start":{"line":46,"column":0},"end":{"line":46,"column":18}},"46":{"start":{"line":47,"column":0},"end":{"line":47,"column":2}},"47":{"start":{"line":48,"column":0},"end":{"line":48,"column":0}},"48":{"start":{"line":49,"column":0},"end":{"line":49,"column":66}},"49":{"start":{"line":50,"column":0},"end":{"line":50,"column":85}},"50":{"start":{"line":51,"column":0},"end":{"line":51,"column":14}},"51":{"start":{"line":52,"column":0},"end":{"line":52,"column":2}},"52":{"start":{"line":53,"column":0},"end":{"line":53,"column":0}},"53":{"start":{"line":54,"column":0},"end":{"line":54,"column":19}}},"s":{"0":0,"1":0,"2":0,"3":0,"4":0,"5":0,"6":0,"7":0,"8":0,"9":0,"10":0,"11":0,"12":0,"13":0,"14":0,"15":0,"16":0,"17":0,"18":0,"19":0,"20":0,"21":0,"22":0,"23":0,"24":0,"25":0,"26":0,"27":0,"28":0,"29":0,"30":0,"31":0,"32":0,"33":0,"34":0,"35":0,"36":0,"37":0,"38":0,"39":0,"40":0,"41":0,"42":0,"43":0,"44":0,"45":0,"46":0,"47":0,"48":0,"49":0,"50":0,"51":0,"52":0,"53":0},"branchMap":{"0":{"type":"branch","line":1,"loc":{"start":{"line":1,"column":0},"end":{"line":54,"column":19}},"locations":[{"start":{"line":1,"column":0},"end":{"line":54,"column":19}}]}},"b":{"0":[0]},"fnMap":{"0":{"name":"(empty-report)","decl":{"start":{"line":1,"column":0},"end":{"line":54,"column":19}},"loc":{"start":{"line":1,"column":0},"end":{"line":54,"column":19}},"line":1}},"f":{"0":0}}
}
